-2.1713082790374756	have
-13.805008888244629	helmet
-11.346333503723145	We
-3.1541571617126465	a
-4.367462635040283	.
-2.1713082790374756	have
-13.805008888244629	helmet
-11.346333503723145	We
-3.1541571617126465	a
-4.367463111877441	.
-2.1713082790374756	have
-13.805008888244629	helmet
-11.346333503723145	We
-3.1541571617126465	a
-4.367462635040283	.
-2.1713082790374756	have
-1.9195188283920288	a
-4.369467258453369	.
-2.438286542892456	have
-14.254228591918945	helmet
-11.133109092712402	We
-1.919519066810608	a
-4.369467735290527	.
-2.438286304473877	have
-14.254228591918945	helmet
-11.133109092712402	We
-1.9195188283920288	a
-4.369467258453369	.
-2.438286542892456	have
-14.254228591918945	helmet
-11.133109092712402	We
-1.919519066810608	a
-14.24638843536377	helmet
-11.381888389587402	We
-1.4691553115844727	a
-2.9801173210144043	.
-2.7674155235290527	have
-14.246387481689453	helmet
-11.381888389587402	We
-1.469155192375183	a
-2.9801177978515625	.
-2.7674152851104736	have
-14.24638843536377	helmet
-11.381888389587402	We
-1.4691553115844727	a
-2.9801173210144043	.
-2.7674155235290527	have
-14.246387481689453	helmet
-3.2074122428894043	.
-3.2373547554016113	have
-14.90433406829834	helmet
-10.629473686218262	We
-1.3425171375274658	a
-3.2074122428894043	.
-3.2373547554016113	have
-14.90433406829834	helmet
-10.629473686218262	We
-1.3425171375274658	a
-3.2074122428894043	.
-3.2373547554016113	have
-14.90433406829834	helmet
-10.629473686218262	We
-1.3425171375274658	a
-3.2074122428894043	.
-10.501635551452637	We
-1.5042238235473633	a
-3.161252975463867	.
-3.064589262008667	have
-14.195392608642578	helmet
-10.50163459777832	We
-1.5042239427566528	a
-3.1612532138824463	.
-3.064589262008667	have
-14.195392608642578	helmet
-10.501635551452637	We
-1.5042238235473633	a
-3.161252975463867	.
-3.064589262008667	have
-14.195392608642578	helmet
-10.50163459777832	We
-2.8441524505615234	have
-14.194124221801758	helmet
-9.127277374267578	We
-1.5007981061935425	a
-3.727038621902466	.
-2.8441524505615234	have
-14.194124221801758	helmet
-9.127276420593262	We
-1.500797986984253	a
-3.727038621902466	.
-2.8441524505615234	have
-14.194124221801758	helmet
-9.127277374267578	We
-1.5007981061935425	a
-3.727038621902466	.
-2.8441524505615234	have
